INFO:echo-server: User admin login on 2021-11-15 21:08:09.512567
INFO:echo-server: User admin login on 2021-11-15 21:26:30.888831
INFO:echo-server: Input localhost 8080 on 2021-11-15 21:26:49.884390
INFO:echo-server: Input admin on 2021-11-15 21:27:46.112600
INFO:echo-server: Input 1234 on 2021-11-15 21:27:47.532135
INFO:echo-server: Input asd on 2021-11-15 21:27:51.745290
INFO:echo-server: Input None on 2021-11-15 21:27:59.448672
INFO:echo-server: User admin login on 2021-11-15 21:28:06.153222
INFO:echo-server: Input localhost 8080 on 2021-11-15 21:29:26.587760
INFO:echo-server: Input admin 1234 on 2021-11-15 21:29:33.994550
INFO:echo-server: Input 123 on 2021-11-15 21:29:44.015831
INFO:echo-server: Input None on 2021-11-15 21:36:06.519446
INFO:echo-server: User admin login on 2021-11-15 21:36:14.242481
INFO:echo-server: Input localhost 8080 on 2021-11-15 21:36:24.416547
INFO:echo-server: Input None on 2021-11-15 21:40:30.262566
INFO:echo-server: User admin login on 2021-11-15 21:40:34.818378
INFO:echo-server: Input asd on 2021-11-15 21:40:37.399743
INFO:echo-server: Input 123 on 2021-11-15 21:40:44.027672
INFO:echo-server: Input None on 2021-11-15 21:41:53.759341
INFO:echo-server: User admin login on 2021-11-15 21:42:00.360438
INFO:echo-server: Input fhffjh on 2021-11-15 21:42:05.265195
INFO:echo-server: User admin login on 2021-11-15 21:43:07.201845
INFO:echo-server: Input ggjfgf on 2021-11-15 21:43:09.705073
INFO:echo-server: Input kjhk on 2021-11-15 21:43:20.046999
INFO:echo-server: Input mb on 2021-11-15 21:43:22.505392
INFO:echo-server: User admin login on 2021-11-15 21:47:00.366623
INFO:echo-server: Input asdasd on 2021-11-15 21:47:02.577931
INFO:echo-server: User admin login on 2021-11-15 21:47:11.431456
INFO:echo-server: Input awsdsd on 2021-11-15 21:47:12.547006
INFO:echo-server: Input None on 2021-11-15 21:49:15.527729
INFO:echo-server: Input None on 2021-11-15 21:49:17.680396
INFO:echo-server: User admin login on 2021-11-15 21:50:35.350584
INFO:echo-server: Input asd on 2021-11-15 21:50:36.715514
INFO:echo-server: Input None on 2021-11-15 21:50:52.038486
INFO:echo-server: User admin login on 2021-11-15 21:51:25.247926
INFO:echo-server: Input asd on 2021-11-15 21:51:26.856464
INFO:echo-server: User admin login on 2021-11-15 21:51:41.959280
INFO:echo-server: Input asd on 2021-11-15 21:51:43.251848
INFO:echo-server: Input None on 2021-11-15 21:51:49.511083
INFO:echo-server: Input None on 2021-11-15 21:51:51.395061
